<?xml version="1.0" encoding="UTF-8"?>
<!-- Generated by org.testng.reporters.JUnitReportReporter -->
<testsuite name="com.sevenstar.testcases.示例用例" tests="1" time="16.218" ignored="0" failures="0" timestamp="27 二月 2017 09:26:53 GMT" skipped="0" hostname="JACKSON" errors="0">
  <testcase name="testMain" time="16.218" classname="com.sevenstar.testcases.示例用例"/>
</testsuite> <!-- com.sevenstar.testcases.示例用例 -->
